<?xml version="1.0" encoding="UTF-8"?>
<testsuite name="edu.bsu.cs.LocationTest" tests="1" skipped="0" failures="0" errors="0" timestamp="2021-12-13T09:51:11" hostname="METAL-MARIO" time="0.001">
  <properties/>
  <testcase name="testLocationConstructor()" classname="edu.bsu.cs.LocationTest" time="0.001"/>
  <system-out><![CDATA[]]></system-out>
  <system-err><![CDATA[]]></system-err>
</testsuite>
