<?xml version="1.0" encoding="UTF-8"?>
<testsuite name="edu.bsu.cs.MoveFormatterTest" tests="2" skipped="0" failures="0" errors="0" timestamp="2021-12-13T09:51:12" hostname="METAL-MARIO" time="0.041">
  <properties/>
  <testcase name="testBuildLearnedMoves()" classname="edu.bsu.cs.MoveFormatterTest" time="0.022"/>
  <testcase name="testBuildTaughtMoves()" classname="edu.bsu.cs.MoveFormatterTest" time="0.018"/>
  <system-out><![CDATA[]]></system-out>
  <system-err><![CDATA[]]></system-err>
</testsuite>
