<?xml version="1.0" encoding="UTF-8"?>
<testsuite name="edu.bsu.cs.BasicInfoReaderTest" tests="5" skipped="0" failures="0" errors="0" timestamp="2021-12-13T09:51:10" hostname="METAL-MARIO" time="0.159">
  <properties/>
  <testcase name="testReadHeight()" classname="edu.bsu.cs.BasicInfoReaderTest" time="0.013"/>
  <testcase name="testBuildBasicInfo()" classname="edu.bsu.cs.BasicInfoReaderTest" time="0.054"/>
  <testcase name="testReadWeight()" classname="edu.bsu.cs.BasicInfoReaderTest" time="0.046"/>
  <testcase name="testReadTypes()" classname="edu.bsu.cs.BasicInfoReaderTest" time="0.016"/>
  <testcase name="testReadName()" classname="edu.bsu.cs.BasicInfoReaderTest" time="0.017"/>
  <system-out><![CDATA[]]></system-out>
  <system-err><![CDATA[]]></system-err>
</testsuite>
