<?xml version="1.0" encoding="UTF-8"?>
<testsuite name="edu.bsu.cs.MoveBuilderTest" tests="23" skipped="0" failures="0" errors="0" timestamp="2021-12-13T09:51:11" hostname="METAL-MARIO" time="0.369">
  <properties/>
  <testcase name="[1] 0, red-blue" classname="edu.bsu.cs.MoveBuilderTest" time="0.025"/>
  <testcase name="[2] 67, omega-ruby-alpha-sapphire" classname="edu.bsu.cs.MoveBuilderTest" time="0.017"/>
  <testcase name="[3] 198, platinum" classname="edu.bsu.cs.MoveBuilderTest" time="0.011"/>
  <testcase name="[4] 398, gold-silver" classname="edu.bsu.cs.MoveBuilderTest" time="0.013"/>
  <testcase name="testBuildMoves()" classname="edu.bsu.cs.MoveBuilderTest" time="0.027"/>
  <testcase name="[1] 3, 1" classname="edu.bsu.cs.MoveBuilderTest" time="0.024"/>
  <testcase name="[2] 13, 7" classname="edu.bsu.cs.MoveBuilderTest" time="0.02"/>
  <testcase name="[3] 19, 16" classname="edu.bsu.cs.MoveBuilderTest" time="0.019"/>
  <testcase name="[4] 86, 46" classname="edu.bsu.cs.MoveBuilderTest" time="0.021"/>
  <testcase name="[1] 0, 3" classname="edu.bsu.cs.MoveBuilderTest" time="0.014"/>
  <testcase name="[2] 1, 10" classname="edu.bsu.cs.MoveBuilderTest" time="0.01"/>
  <testcase name="[3] 10, 86" classname="edu.bsu.cs.MoveBuilderTest" time="0.011"/>
  <testcase name="[4] 67, 764" classname="edu.bsu.cs.MoveBuilderTest" time="0.009"/>
  <testcase name="[5] 90, 937" classname="edu.bsu.cs.MoveBuilderTest" time="0.015"/>
  <testcase name="[1] ruby-sapphire, 5" classname="edu.bsu.cs.MoveBuilderTest" time="0.003"/>
  <testcase name="[2] firered-leafgreen, 7" classname="edu.bsu.cs.MoveBuilderTest" time="0.002"/>
  <testcase name="[3] heartgold-soulsilver, 10" classname="edu.bsu.cs.MoveBuilderTest" time="0.002"/>
  <testcase name="[4] x-y, 15" classname="edu.bsu.cs.MoveBuilderTest" time="0.002"/>
  <testcase name="[1] 0, mega-punch" classname="edu.bsu.cs.MoveBuilderTest" time="0.008"/>
  <testcase name="[2] 29, reflect" classname="edu.bsu.cs.MoveBuilderTest" time="0.007"/>
  <testcase name="[3] 35, rock-slide" classname="edu.bsu.cs.MoveBuilderTest" time="0.007"/>
  <testcase name="[4] 72, dragon-claw" classname="edu.bsu.cs.MoveBuilderTest" time="0.01"/>
  <testcase name="[5] 92, power-up-punch" classname="edu.bsu.cs.MoveBuilderTest" time="0.005"/>
  <system-out><![CDATA[]]></system-out>
  <system-err><![CDATA[]]></system-err>
</testsuite>
