<?xml version="1.0" encoding="UTF-8"?>
<testsuite name="edu.bsu.cs.TypeAdvantageBuilderTest" tests="5" skipped="0" failures="0" errors="0" timestamp="2021-12-13T09:51:12" hostname="METAL-MARIO" time="0.009">
  <properties/>
  <testcase name="testHalfEffective()" classname="edu.bsu.cs.TypeAdvantageBuilderTest" time="0.003"/>
  <testcase name="testNormalEffective()" classname="edu.bsu.cs.TypeAdvantageBuilderTest" time="0.001"/>
  <testcase name="testNotEffective()" classname="edu.bsu.cs.TypeAdvantageBuilderTest" time="0.001"/>
  <testcase name="testGetTwoTimesEffective()" classname="edu.bsu.cs.TypeAdvantageBuilderTest" time="0.001"/>
  <testcase name="testGetFourTimesEffective()" classname="edu.bsu.cs.TypeAdvantageBuilderTest" time="0.001"/>
  <system-out><![CDATA[]]></system-out>
  <system-err><![CDATA[]]></system-err>
</testsuite>
