<?xml version="1.0" encoding="UTF-8"?>
<testsuite name="edu.bsu.cs.LocationFormatterTest" tests="2" skipped="0" failures="0" errors="0" timestamp="2021-12-13T09:51:11" hostname="METAL-MARIO" time="0.054">
  <properties/>
  <testcase name="[1] sinnoh-route-203-area, Route 203 area" classname="edu.bsu.cs.LocationFormatterTest" time="0.049"/>
  <testcase name="[2] sinnoh-route-204-south-towards-jubilife-city, Route 204 south towards jubilife city" classname="edu.bsu.cs.LocationFormatterTest" time="0.001"/>
  <system-out><![CDATA[]]></system-out>
  <system-err><![CDATA[]]></system-err>
</testsuite>
