<?xml version="1.0" encoding="UTF-8"?>
<testsuite name="edu.bsu.cs.UrlBuilderTest" tests="3" skipped="0" failures="0" errors="0" timestamp="2021-12-13T09:51:12" hostname="METAL-MARIO" time="0.014">
  <properties/>
  <testcase name="testBuildImageUrl()" classname="edu.bsu.cs.UrlBuilderTest" time="0.007"/>
  <testcase name="[1] Ralts, https://pokeapi.co/api/v2/pokemon/ralts" classname="edu.bsu.cs.UrlBuilderTest" time="0.001"/>
  <testcase name="[2] Mr. Mime, https://pokeapi.co/api/v2/pokemon/mr-mime" classname="edu.bsu.cs.UrlBuilderTest" time="0.001"/>
  <system-out><![CDATA[]]></system-out>
  <system-err><![CDATA[]]></system-err>
</testsuite>
